2022-11-28 16:31:32,465 [Worker-6: Loading available Gradle versions] INFO  o.e.b.c.i.u.g.PublishedGradleVersions - Gradle version information cache is up-to-date. Trying to read.
2022-11-28 16:31:52,302 [Worker-10: Importing Maven projects] INFO  o.e.m.c.i.l.LifecycleMappingFactory - Using org.eclipse.m2e.jdt.JarLifecycleMapping lifecycle mapping for MavenProject: com.cibertec:Spring-Servidor-SOAP:0.0.1-SNAPSHOT @ /Users/qury/Documents/Cibertec/walle/Spring-Servidor-SOAP/pom.xml.
2022-11-28 16:31:52,732 [Worker-10: Importing Maven projects] INFO  o.e.m.c.i.embedder.EclipseLogger - No changes detected in schema or binding files - skipping source generation.
2022-11-28 16:31:52,819 [Worker-10: Importing Maven projects] INFO  o.e.m.j.i.AbstractJavaProjectConfigurator - Adding source folder /Spring-Servidor-SOAP/src/main/java
2022-11-28 16:31:52,820 [Worker-10: Importing Maven projects] INFO  o.e.m.j.i.AbstractJavaProjectConfigurator - Adding resource folder /Spring-Servidor-SOAP/src/main/resources
2022-11-28 16:31:52,820 [Worker-10: Importing Maven projects] INFO  o.e.m.j.i.AbstractJavaProjectConfigurator - Adding resource folder /Spring-Servidor-SOAP/src/main/resources
2022-11-28 16:31:52,820 [Worker-10: Importing Maven projects] INFO  o.e.m.j.i.AbstractJavaProjectConfigurator - Adding source folder /Spring-Servidor-SOAP/src/test/java
2022-11-28 16:31:52,874 [Worker-10: Importing Maven projects] INFO  o.e.m.c.i.p.ProjectConfigurationManager - Imported and configured 1 project(s) in 3 sec
2022-11-28 16:31:53,844 [Worker-6: Building] INFO  o.e.m.c.i.embedder.EclipseLogger - No changes detected in schema or binding files - skipping source generation.
2022-11-28 16:31:53,850 [Worker-6: Building] INFO  o.e.m.c.i.embedder.EclipseLogger - Using 'UTF-8' encoding to copy filtered resources.
2022-11-28 16:31:53,850 [Worker-6: Building] INFO  o.e.m.c.i.embedder.EclipseLogger - Using 'UTF-8' encoding to copy filtered properties files.
2022-11-28 16:31:53,852 [Worker-6: Building] INFO  o.e.m.c.i.embedder.EclipseLogger - Copying 1 resource
2022-11-28 16:31:53,863 [Worker-6: Building] INFO  o.e.m.c.i.embedder.EclipseLogger - Copying 1 resource
2022-11-28 16:31:53,868 [Worker-6: Building] INFO  o.e.m.c.i.embedder.EclipseLogger - Using 'UTF-8' encoding to copy filtered resources.
2022-11-28 16:31:53,868 [Worker-6: Building] INFO  o.e.m.c.i.embedder.EclipseLogger - Using 'UTF-8' encoding to copy filtered properties files.
2022-11-28 16:31:53,868 [Worker-6: Building] INFO  o.e.m.c.i.embedder.EclipseLogger - skip non existing resourceDirectory /Users/qury/Documents/Cibertec/walle/Spring-Servidor-SOAP/src/test/resources
2022-11-28 16:36:47,333 [Worker-15: Building] INFO  o.e.m.c.i.embedder.EclipseLogger - No changes detected in schema or binding files - skipping source generation.
2022-11-28 16:36:47,364 [Worker-15: Building] INFO  o.e.m.c.i.embedder.EclipseLogger - Using 'UTF-8' encoding to copy filtered resources.
2022-11-28 16:36:47,364 [Worker-15: Building] INFO  o.e.m.c.i.embedder.EclipseLogger - Using 'UTF-8' encoding to copy filtered properties files.
2022-11-28 16:36:47,365 [Worker-15: Building] INFO  o.e.m.c.i.embedder.EclipseLogger - Copying 0 resource
2022-11-28 16:36:47,365 [Worker-15: Building] INFO  o.e.m.c.i.embedder.EclipseLogger - Copying 0 resource
2022-11-28 16:36:47,366 [Worker-15: Building] INFO  o.e.m.c.i.embedder.EclipseLogger - Using 'UTF-8' encoding to copy filtered resources.
2022-11-28 16:36:47,366 [Worker-15: Building] INFO  o.e.m.c.i.embedder.EclipseLogger - Using 'UTF-8' encoding to copy filtered properties files.
2022-11-28 16:36:47,366 [Worker-15: Building] INFO  o.e.m.c.i.embedder.EclipseLogger - skip non existing resourceDirectory /Users/qury/Documents/Cibertec/walle/Spring-Servidor-SOAP/src/test/resources
2022-11-28 16:49:22,275 [Worker-23: Building] INFO  o.e.m.c.i.embedder.EclipseLogger - No changes detected in schema or binding files - skipping source generation.
2022-11-28 16:49:22,278 [Worker-23: Building] INFO  o.e.m.c.i.embedder.EclipseLogger - Using 'UTF-8' encoding to copy filtered resources.
2022-11-28 16:49:22,278 [Worker-23: Building] INFO  o.e.m.c.i.embedder.EclipseLogger - Using 'UTF-8' encoding to copy filtered properties files.
2022-11-28 16:49:22,280 [Worker-23: Building] INFO  o.e.m.c.i.embedder.EclipseLogger - Copying 1 resource
2022-11-28 16:49:22,338 [Worker-23: Building] INFO  o.e.m.c.i.embedder.EclipseLogger - Copying 0 resource
2022-11-28 16:49:22,339 [Worker-23: Building] INFO  o.e.m.c.i.embedder.EclipseLogger - Using 'UTF-8' encoding to copy filtered resources.
2022-11-28 16:49:22,339 [Worker-23: Building] INFO  o.e.m.c.i.embedder.EclipseLogger - Using 'UTF-8' encoding to copy filtered properties files.
2022-11-28 16:49:22,339 [Worker-23: Building] INFO  o.e.m.c.i.embedder.EclipseLogger - skip non existing resourceDirectory /Users/qury/Documents/Cibertec/walle/Spring-Servidor-SOAP/src/test/resources
2022-11-28 16:54:22,123 [Worker-28: Updating Maven Project] INFO  o.e.m.c.i.p.ProjectConfigurationManager - Update started
2022-11-28 16:54:22,297 [Worker-28: Updating Maven Project] INFO  o.e.m.c.i.l.LifecycleMappingFactory - Using org.eclipse.m2e.jdt.JarLifecycleMapping lifecycle mapping for MavenProject: com.cibertec:Spring-Servidor-SOAP:0.0.1-SNAPSHOT @ /Users/qury/Documents/Cibertec/walle/Spring-Servidor-SOAP/pom.xml.
2022-11-28 16:54:22,497 [Worker-28: Updating Maven Project] INFO  o.e.m.c.i.embedder.EclipseLogger - No changes detected in schema or binding files - skipping source generation.
2022-11-28 16:54:22,548 [Worker-28: Updating Maven Project] INFO  o.e.m.j.i.AbstractJavaProjectConfigurator - Adding source folder /Spring-Servidor-SOAP/src/main/java
2022-11-28 16:54:22,548 [Worker-28: Updating Maven Project] INFO  o.e.m.j.i.AbstractJavaProjectConfigurator - Adding resource folder /Spring-Servidor-SOAP/src/main/resources
2022-11-28 16:54:22,548 [Worker-28: Updating Maven Project] INFO  o.e.m.j.i.AbstractJavaProjectConfigurator - Adding resource folder /Spring-Servidor-SOAP/src/main/resources
2022-11-28 16:54:22,548 [Worker-28: Updating Maven Project] INFO  o.e.m.j.i.AbstractJavaProjectConfigurator - Adding source folder /Spring-Servidor-SOAP/src/test/java
2022-11-28 16:54:22,610 [Worker-28: Updating Maven Project] INFO  o.e.m.c.i.p.ProjectConfigurationManager - Update completed: 0 sec
2022-11-28 16:54:22,913 [Worker-32: Building] INFO  o.e.m.c.i.embedder.EclipseLogger - No changes detected in schema or binding files - skipping source generation.
2022-11-28 16:54:22,921 [Worker-32: Building] INFO  o.e.m.c.i.embedder.EclipseLogger - Using 'UTF-8' encoding to copy filtered resources.
2022-11-28 16:54:22,921 [Worker-32: Building] INFO  o.e.m.c.i.embedder.EclipseLogger - Using 'UTF-8' encoding to copy filtered properties files.
2022-11-28 16:54:22,921 [Worker-32: Building] INFO  o.e.m.c.i.embedder.EclipseLogger - Copying 1 resource
2022-11-28 16:54:22,930 [Worker-32: Building] INFO  o.e.m.c.i.embedder.EclipseLogger - Copying 1 resource
2022-11-28 16:54:22,931 [Worker-32: Building] INFO  o.e.m.c.i.embedder.EclipseLogger - Using 'UTF-8' encoding to copy filtered resources.
2022-11-28 16:54:22,931 [Worker-32: Building] INFO  o.e.m.c.i.embedder.EclipseLogger - Using 'UTF-8' encoding to copy filtered properties files.
2022-11-28 16:54:22,931 [Worker-32: Building] INFO  o.e.m.c.i.embedder.EclipseLogger - skip non existing resourceDirectory /Users/qury/Documents/Cibertec/walle/Spring-Servidor-SOAP/src/test/resources
2022-11-28 16:54:23,228 [Worker-32: Building] INFO  o.e.m.c.i.embedder.EclipseLogger - No changes detected in schema or binding files - skipping source generation.
2022-11-28 16:54:23,229 [Worker-32: Building] INFO  o.e.m.c.i.embedder.EclipseLogger - Using 'UTF-8' encoding to copy filtered resources.
2022-11-28 16:54:23,229 [Worker-32: Building] INFO  o.e.m.c.i.embedder.EclipseLogger - Using 'UTF-8' encoding to copy filtered properties files.
2022-11-28 16:54:23,229 [Worker-32: Building] INFO  o.e.m.c.i.embedder.EclipseLogger - Copying 1 resource
2022-11-28 16:54:23,231 [Worker-32: Building] INFO  o.e.m.c.i.embedder.EclipseLogger - Copying 1 resource
2022-11-28 16:54:23,232 [Worker-32: Building] INFO  o.e.m.c.i.embedder.EclipseLogger - Using 'UTF-8' encoding to copy filtered resources.
2022-11-28 16:54:23,232 [Worker-32: Building] INFO  o.e.m.c.i.embedder.EclipseLogger - Using 'UTF-8' encoding to copy filtered properties files.
2022-11-28 16:54:23,232 [Worker-32: Building] INFO  o.e.m.c.i.embedder.EclipseLogger - skip non existing resourceDirectory /Users/qury/Documents/Cibertec/walle/Spring-Servidor-SOAP/src/test/resources
2022-11-28 16:55:06,809 [Worker-34: Building] INFO  o.e.m.c.i.embedder.EclipseLogger - No changes detected in schema or binding files - skipping source generation.
2022-11-28 16:55:06,812 [Worker-34: Building] INFO  o.e.m.c.i.embedder.EclipseLogger - Using 'UTF-8' encoding to copy filtered resources.
2022-11-28 16:55:06,812 [Worker-34: Building] INFO  o.e.m.c.i.embedder.EclipseLogger - Using 'UTF-8' encoding to copy filtered properties files.
2022-11-28 16:55:06,813 [Worker-34: Building] INFO  o.e.m.c.i.embedder.EclipseLogger - Copying 1 resource
2022-11-28 16:55:06,822 [Worker-34: Building] INFO  o.e.m.c.i.embedder.EclipseLogger - Copying 0 resource
2022-11-28 16:55:06,823 [Worker-34: Building] INFO  o.e.m.c.i.embedder.EclipseLogger - Using 'UTF-8' encoding to copy filtered resources.
2022-11-28 16:55:06,823 [Worker-34: Building] INFO  o.e.m.c.i.embedder.EclipseLogger - Using 'UTF-8' encoding to copy filtered properties files.
2022-11-28 16:55:06,823 [Worker-34: Building] INFO  o.e.m.c.i.embedder.EclipseLogger - skip non existing resourceDirectory /Users/qury/Documents/Cibertec/walle/Spring-Servidor-SOAP/src/test/resources
2022-11-28 16:57:20,403 [Worker-35: Building] INFO  o.e.m.c.i.embedder.EclipseLogger - No changes detected in schema or binding files - skipping source generation.
2022-11-28 16:57:20,405 [Worker-35: Building] INFO  o.e.m.c.i.embedder.EclipseLogger - Using 'UTF-8' encoding to copy filtered resources.
2022-11-28 16:57:20,405 [Worker-35: Building] INFO  o.e.m.c.i.embedder.EclipseLogger - Using 'UTF-8' encoding to copy filtered properties files.
2022-11-28 16:57:20,406 [Worker-35: Building] INFO  o.e.m.c.i.embedder.EclipseLogger - Copying 1 resource
2022-11-28 16:57:20,419 [Worker-35: Building] INFO  o.e.m.c.i.embedder.EclipseLogger - Copying 0 resource
2022-11-28 16:57:20,420 [Worker-35: Building] INFO  o.e.m.c.i.embedder.EclipseLogger - Using 'UTF-8' encoding to copy filtered resources.
2022-11-28 16:57:20,420 [Worker-35: Building] INFO  o.e.m.c.i.embedder.EclipseLogger - Using 'UTF-8' encoding to copy filtered properties files.
2022-11-28 16:57:20,421 [Worker-35: Building] INFO  o.e.m.c.i.embedder.EclipseLogger - skip non existing resourceDirectory /Users/qury/Documents/Cibertec/walle/Spring-Servidor-SOAP/src/test/resources
2022-11-28 16:58:07,565 [Worker-40: Building] INFO  o.e.m.c.i.l.LifecycleMappingFactory - Using org.eclipse.m2e.jdt.JarLifecycleMapping lifecycle mapping for MavenProject: com.cibertec:Spring-Servidor-SOAP:0.0.1-SNAPSHOT @ /Users/qury/Documents/Cibertec/walle/WALLE_Servicios_SOAP/pom.xml.
2022-11-28 16:58:07,935 [Worker-40: Building] INFO  o.e.m.c.i.embedder.EclipseLogger - No changes detected in schema or binding files - skipping source generation.
2022-11-28 16:58:07,999 [Worker-40: Building] INFO  o.e.m.c.i.embedder.EclipseLogger - Using 'UTF-8' encoding to copy filtered resources.
2022-11-28 16:58:07,999 [Worker-40: Building] INFO  o.e.m.c.i.embedder.EclipseLogger - Using 'UTF-8' encoding to copy filtered properties files.
2022-11-28 16:58:07,999 [Worker-40: Building] INFO  o.e.m.c.i.embedder.EclipseLogger - Copying 1 resource
2022-11-28 16:58:08,007 [Worker-40: Building] INFO  o.e.m.c.i.embedder.EclipseLogger - Copying 1 resource
2022-11-28 16:58:08,009 [Worker-40: Building] INFO  o.e.m.c.i.embedder.EclipseLogger - Using 'UTF-8' encoding to copy filtered resources.
2022-11-28 16:58:08,009 [Worker-40: Building] INFO  o.e.m.c.i.embedder.EclipseLogger - Using 'UTF-8' encoding to copy filtered properties files.
2022-11-28 16:58:08,009 [Worker-40: Building] INFO  o.e.m.c.i.embedder.EclipseLogger - skip non existing resourceDirectory /Users/qury/Documents/Cibertec/walle/WALLE_Servicios_SOAP/src/test/resources
2022-11-28 16:58:09,168 [Worker-30: Building] INFO  o.e.m.c.i.embedder.EclipseLogger - No changes detected in schema or binding files - skipping source generation.
2022-11-28 16:58:09,169 [Worker-30: Building] INFO  o.e.m.c.i.embedder.EclipseLogger - Using 'UTF-8' encoding to copy filtered resources.
2022-11-28 16:58:09,169 [Worker-30: Building] INFO  o.e.m.c.i.embedder.EclipseLogger - Using 'UTF-8' encoding to copy filtered properties files.
2022-11-28 16:58:09,170 [Worker-30: Building] INFO  o.e.m.c.i.embedder.EclipseLogger - Copying 1 resource
2022-11-28 16:58:09,171 [Worker-30: Building] INFO  o.e.m.c.i.embedder.EclipseLogger - Copying 1 resource
2022-11-28 16:58:09,173 [Worker-30: Building] INFO  o.e.m.c.i.embedder.EclipseLogger - Using 'UTF-8' encoding to copy filtered resources.
2022-11-28 16:58:09,173 [Worker-30: Building] INFO  o.e.m.c.i.embedder.EclipseLogger - Using 'UTF-8' encoding to copy filtered properties files.
2022-11-28 16:58:09,173 [Worker-30: Building] INFO  o.e.m.c.i.embedder.EclipseLogger - skip non existing resourceDirectory /Users/qury/Documents/Cibertec/walle/WALLE_Servicios_SOAP/src/test/resources
